============================================================
📊 IPTV 源统计报告 - 2025-11-13 18:37:13
📺 对应文件: ipzyauto.txt
🔒 隐私保护: 所有源URL已进行模糊处理
============================================================

📈 总体统计:
   总频道数: 3335
   总源数量: 30588
   IPv4源: 29236
   IPv6源: 1352
   源类型比例: IPv4 95.6% | IPv6 4.4%

📺 频道分类统计:
   4K频道: 19个频道, 159个源
   央视频道: 33个频道, 5476个源
   卫视频道: 45个频道, 11368个源
   北京专属频道: 12个频道, 522个源
   山东专属频道: 10个频道, 523个源
   港澳频道: 4个频道, 144个源
   电影频道: 8个频道, 243个源
   儿童频道: 8个频道, 539个源
   iHOT频道: 14个频道, 189个源
   综合频道: 22个频道, 670个源
   体育频道: 5个频道, 112个源
   剧场频道: 18个频道, 96个源

🔍 源质量评估:
   默认源: https://***.eu.org/***/resu****.m3u
     频道数: 183 | IPv4: 39 | IPv6: 268 | 质量: ★★★★★
   默认源: https://***.eu.org/***/ipv6.m3u
     频道数: 68 | IPv4: 0 | IPv6: 68 | 质量: ★★★★★
   默认源: https://***.eu.org/***/ipv4.txt
     频道数: 7 | IPv4: 7 | IPv6: 0 | 质量: ★★
   默认源: http://***.99.30/***/2025.txt
     频道数: 199 | IPv4: 275 | IPv6: 0 | 质量: ★★★★★
   用户添加: http://***.html-5.me/***/9390****.txt
     频道数: 1544 | IPv4: 13226 | IPv6: 0 | 质量: ★★★★★
   用户添加: https://***.eu.org/***/live.txt
     频道数: 66 | IPv4: 266 | IPv6: 0 | 质量: ★★★★★
   用户添加: https://ghfast.top/***/888.txt
     频道数: 1206 | IPv4: 2076 | IPv6: 0 | 质量: ★★★★★
   用户添加: https://ghfast.top/***/live.txt
     频道数: 420 | IPv4: 6818 | IPv6: 794 | 质量: ★★★★★
   用户添加: https://ghfast.top/***/bbxx.txt
     频道数: 512 | IPv4: 6380 | IPv6: 216 | 质量: ★★★★★
   用户添加: https://***.eu.org/***/iptv.m3u
     频道数: 149 | IPv4: 149 | IPv6: 6 | 质量: ★★★★★

🏆 最佳用户源推荐:
   http://***.html-5.me/***/9390****.txt
   该源贡献了 1544 个频道
   包含 13226 个IPv4源和 0 个IPv6源

📊 频道源数量排行榜 (前10):
    1. 湖南卫视: 417个源
    2. 广东卫视: 409个源
    3. 江苏卫视: 399个源
    4. 天津卫视: 393个源
    5. 北京卫视: 391个源
    6. 东方卫视: 391个源
    7. 浙江卫视: 386个源
    8. 深圳卫视: 383个源
    9. 湖北卫视: 380个源
   10. 江西卫视: 370个源

============================================================
💡 提示: 建议优先使用IPv4源，IPv6源作为备选
🔒 隐私说明: 源URL已模糊处理以保护数据安全
============================================================
